#-----------------------------------------------------------
# Webtalk v2018.1 (64-bit)
# SW Build 2188600 on Wed Apr  4 18:39:19 MDT 2018
# 
# Start of session at: Tue Nov 19 17:10:49 2019
# Process ID: 17351
# Current directory: /home/jose/vivado/hw_sw_interface/hw_sw_interface.sdk/webtalk
# Command line: wbtcv -mode batch -source sdk_webtalk.tcl
# Log file: /home/jose/vivado/hw_sw_interface/hw_sw_interface.sdk/webtalk/webtalk.log
# Journal file: /home/jose/vivado/hw_sw_interface/hw_sw_interface.sdk/webtalk/webtalk.jou
#-----------------------------------------------------------
source sdk_webtalk.tcl
# webtalk_init -webtalk_dir /home/jose/vivado/hw_sw_interface/hw_sw_interface.sdk/webtalk
# webtalk_register_client -client project
# webtalk_add_data -client project -key date_generated -value "2019-11-19 17:10:48" -context "software_version_and_target_device"
# webtalk_add_data -client project -key product_version -value "SDK v2018.1" -context "software_version_and_target_device"
# webtalk_add_data -client project -key build_version -value "2018.1" -context "software_version_and_target_device"
# webtalk_add_data -client project -key os_platform -value "amd64" -context "software_version_and_target_device"
# webtalk_add_data -client project -key registration_id -value "" -context "software_version_and_target_device"
# webtalk_add_data -client project -key tool_flow -value "SDK" -context "software_version_and_target_device"
# webtalk_add_data -client project -key beta -value "false" -context "software_version_and_target_device"
# webtalk_add_data -client project -key route_design -value "NA" -context "software_version_and_target_device"
# webtalk_add_data -client project -key target_family -value "NA" -context "software_version_and_target_device"
# webtalk_add_data -client project -key target_device -value "NA" -context "software_version_and_target_device"
# webtalk_add_data -client project -key target_package -value "NA" -context "software_version_and_target_device"
# webtalk_add_data -client project -key target_speed -value "NA" -context "software_version_and_target_device"
# webtalk_add_data -client project -key random_id -value "fmrckumbt5hjhrsk8adejfi23u" -context "software_version_and_target_device"
# webtalk_add_data -client project -key project_id -value "2018.1_2" -context "software_version_and_target_device"
# webtalk_add_data -client project -key project_iteration -value "2" -context "software_version_and_target_device"
# webtalk_add_data -client project -key os_name -value "Ubuntu" -context "user_environment"
# webtalk_add_data -client project -key os_release -value "Ubuntu 18.04.3 LTS" -context "user_environment"
# webtalk_add_data -client project -key cpu_name -value "Intel(R) Core(TM) i7-4510U CPU @ 2.00GHz" -context "user_environment"
# webtalk_add_data -client project -key cpu_speed -value "1996.885 MHz" -context "user_environment"
# webtalk_add_data -client project -key total_processors -value "1" -context "user_environment"
# webtalk_add_data -client project -key system_ram -value "16,713 GB" -context "user_environment"
# webtalk_register_client -client sdk
# webtalk_add_data -client sdk -key uid -value "1574179541000" -context "sdk\\\\hardware/1574179541000"
# webtalk_add_data -client sdk -key isZynq -value "true" -context "sdk\\\\hardware/1574179541000"
# webtalk_add_data -client sdk -key isZynqMP -value "false" -context "sdk\\\\hardware/1574179541000"
# webtalk_add_data -client sdk -key Processors -value "2" -context "sdk\\\\hardware/1574179541000"
# webtalk_add_data -client sdk -key VivadoVersion -value "2018.1" -context "sdk\\\\hardware/1574179541000"
# webtalk_add_data -client sdk -key Arch -value "zynq" -context "sdk\\\\hardware/1574179541000"
# webtalk_add_data -client sdk -key Device -value "7z020" -context "sdk\\\\hardware/1574179541000"
# webtalk_add_data -client sdk -key IsHandoff -value "true" -context "sdk\\\\hardware/1574179541000"
# webtalk_add_data -client sdk -key os -value "NA" -context "sdk\\\\hardware/1574179541000"
# webtalk_add_data -client sdk -key apptemplate -value "NA" -context "sdk\\\\hardware/1574179541000"
# webtalk_add_data -client sdk -key RecordType -value "HWCreation" -context "sdk\\\\hardware/1574179541000"
# webtalk_add_data -client sdk -key uid -value "NA" -context "sdk\\\\bsp/1574179848303"
# webtalk_add_data -client sdk -key RecordType -value "ToolUsage" -context "sdk\\\\bsp/1574179848303"
# webtalk_add_data -client sdk -key BootgenCount -value "0" -context "sdk\\\\bsp/1574179848303"
# webtalk_add_data -client sdk -key DebugCount -value "0" -context "sdk\\\\bsp/1574179848303"
# webtalk_add_data -client sdk -key PerfCount -value "0" -context "sdk\\\\bsp/1574179848303"
# webtalk_add_data -client sdk -key FlashCount -value "0" -context "sdk\\\\bsp/1574179848303"
# webtalk_add_data -client sdk -key CrossTriggCount -value "0" -context "sdk\\\\bsp/1574179848303"
# webtalk_add_data -client sdk -key QemuDebugCount -value "0" -context "sdk\\\\bsp/1574179848303"
# webtalk_transmit -clientid 3078516943 -regid "" -xml /home/jose/vivado/hw_sw_interface/hw_sw_interface.sdk/webtalk/usage_statistics_ext_sdk.xml -html /home/jose/vivado/hw_sw_interface/hw_sw_interface.sdk/webtalk/usage_statistics_ext_sdk.html -wdm /home/jose/vivado/hw_sw_interface/hw_sw_interface.sdk/webtalk/sdk_webtalk.wdm -intro "<H3>SDK Usage Report</H3><BR>"
INFO: [Common 17-186] '/home/jose/vivado/hw_sw_interface/hw_sw_interface.sdk/webtalk/usage_statistics_ext_sdk.xml' has been successfully sent to Xilinx on Tue Nov 19 17:10:54 2019. For additional details about this file, please refer to the WebTalk help file at /home/jose/Tools/Xilinx/SDK/2018.1/doc/webtalk_introduction.html.
webtalk_transmit: Time (s): cpu = 00:00:01 ; elapsed = 00:00:05 . Memory (MB): peak = 295.113 ; gain = 0.000 ; free physical = 6528 ; free virtual = 43846
# webtalk_terminate
INFO: [Common 17-206] Exiting Webtalk at Tue Nov 19 17:10:54 2019...
